Flattening unmatched subcell sky130_fd_pr__pfet_01v8_BDZ9JN in circuit sized_switch (0)(1 instance)
Flattening unmatched subcell sky130_fd_pr__nfet_01v8_KBNS5F in circuit sized_switch (0)(1 instance)
Warning: Equate pins:  cell sky130_fd_pr__pfet_01v8 has no definition, treated as a black box.
Warning: Equate pins:  cell sky130_fd_pr__pfet_01v8 has no definition, treated as a black box.

Subcircuit pins:
Circuit 1: sky130_fd_pr__pfet_01v8         |Circuit 2: sky130_fd_pr__pfet_01v8         
-------------------------------------------|-------------------------------------------
1                                          |1                                          
2                                          |2                                          
3                                          |3                                          
4                                          |4                                          
---------------------------------------------------------------------------------------
Cell pin lists are equivalent.
Device classes sky130_fd_pr__pfet_01v8 and sky130_fd_pr__pfet_01v8 are equivalent.
Warning: Equate pins:  cell sky130_fd_pr__nfet_01v8 has no definition, treated as a black box.
Warning: Equate pins:  cell sky130_fd_pr__nfet_01v8 has no definition, treated as a black box.

Subcircuit pins:
Circuit 1: sky130_fd_pr__nfet_01v8         |Circuit 2: sky130_fd_pr__nfet_01v8         
-------------------------------------------|-------------------------------------------
1                                          |1                                          
2                                          |2                                          
3                                          |3                                          
4                                          |4                                          
---------------------------------------------------------------------------------------
Cell pin lists are equivalent.
Device classes sky130_fd_pr__nfet_01v8 and sky130_fd_pr__nfet_01v8 are equivalent.
Class sized_switch:  Merged 26 devices.

Subcircuit summary:
Circuit 1: sized_switch                    |Circuit 2: sized_switch                    
-------------------------------------------|-------------------------------------------
sky130_fd_pr__pfet_01v8 (1)                |sky130_fd_pr__pfet_01v8 (1)                
sky130_fd_pr__nfet_01v8 (1)                |sky130_fd_pr__nfet_01v8 (1)                
Number of devices: 2                       |Number of devices: 2                       
Number of nets: 6                          |Number of nets: 6                          
---------------------------------------------------------------------------------------
Resolving automorphisms by property value.
Resolving automorphisms by pin name.
Netlists match uniquely.
Circuits match correctly.

Subcircuit pins:
Circuit 1: sized_switch                    |Circuit 2: sized_switch                    
-------------------------------------------|-------------------------------------------
VNG                                        |VPG **Mismatch**                           
VPB                                        |VPB                                        
VPG                                        |VNG **Mismatch**                           
VNB                                        |VNB                                        
V_SOURCE                                   |V_SOURCE                                   
V_DRAIN                                    |V_DRAIN                                    
---------------------------------------------------------------------------------------
Cell pin lists are equivalent.
Device classes sized_switch and sized_switch are equivalent.
Circuits match uniquely.
